[ 2016-03-01T13:07:06+08:00 ] 127.0.0.1 /
INFO: [ app_init ] --START--
INFO: Run Behavior\BuildLiteBehavior [ RunTime:0.000022s ]
INFO: [ app_init ] --END-- [ RunTime:0.000469s ]
INFO: [ app_begin ] --START--
INFO: Run Behavior\ReadHtmlCacheBehavior [ RunTime:0.000443s ]
INFO: [ app_begin ] --END-- [ RunTime:0.000496s ]
INFO: [ view_parse ] --START--
INFO: [ template_filter ] --START--
INFO: Run Behavior\ContentReplaceBehavior [ RunTime:0.000035s ]
INFO: [ template_filter ] --END-- [ RunTime:0.000085s ]
INFO: Run Behavior\ParseTemplateBehavior [ RunTime:0.004219s ]
INFO: [ view_parse ] --END-- [ RunTime:0.004285s ]
INFO: [ view_filter ] --START--
INFO: Run Behavior\WriteHtmlCacheBehavior [ RunTime:0.000119s ]
INFO: [ view_filter ] --END-- [ RunTime:0.000141s ]
INFO: [ app_end ] --START--
INFO: Run Behavior\ShowPageTraceBehavior [ RunTime:0.000342s ]
INFO: [ app_end ] --END-- [ RunTime:0.000374s ]

[ 2016-03-01T13:07:44+08:00 ] 127.0.0.1 /
INFO: [ app_init ] --START--
INFO: Run Behavior\BuildLiteBehavior [ RunTime:0.000008s ]
INFO: [ app_init ] --END-- [ RunTime:0.000177s ]
INFO: [ app_begin ] --START--
INFO: Run Behavior\ReadHtmlCacheBehavior [ RunTime:0.000215s ]
INFO: [ app_begin ] --END-- [ RunTime:0.000241s ]
INFO: [ view_parse ] --START--
INFO: Run Behavior\ParseTemplateBehavior [ RunTime:0.000093s ]
INFO: [ view_parse ] --END-- [ RunTime:0.000118s ]
INFO: [ view_filter ] --START--
INFO: Run Behavior\WriteHtmlCacheBehavior [ RunTime:0.000075s ]
INFO: [ view_filter ] --END-- [ RunTime:0.000093s ]
INFO: [ app_end ] --START--
INFO: Run Behavior\ShowPageTraceBehavior [ RunTime:0.000223s ]
INFO: [ app_end ] --END-- [ RunTime:0.000247s ]

[ 2016-03-01T13:08:02+08:00 ] 127.0.0.1 /
INFO: [ app_init ] --START--
INFO: Run Behavior\BuildLiteBehavior [ RunTime:0.000017s ]
INFO: [ app_init ] --END-- [ RunTime:0.000416s ]
INFO: [ app_begin ] --START--
INFO: Run Behavior\ReadHtmlCacheBehavior [ RunTime:0.000409s ]
INFO: [ app_begin ] --END-- [ RunTime:0.000453s ]
INFO: [ view_parse ] --START--
INFO: Run Behavior\ParseTemplateBehavior [ RunTime:0.000156s ]
INFO: [ view_parse ] --END-- [ RunTime:0.000224s ]
INFO: [ view_filter ] --START--
INFO: Run Behavior\WriteHtmlCacheBehavior [ RunTime:0.000132s ]
INFO: [ view_filter ] --END-- [ RunTime:0.000170s ]
INFO: [ app_end ] --START--
INFO: Run Behavior\ShowPageTraceBehavior [ RunTime:0.000497s ]
INFO: [ app_end ] --END-- [ RunTime:0.000547s ]

[ 2016-03-01T14:31:17+08:00 ] 127.0.0.1 /index.php/Admin/Index/index
INFO: [ app_init ] --START--
INFO: Run Behavior\BuildLiteBehavior [ RunTime:0.000014s ]
INFO: [ app_init ] --END-- [ RunTime:0.000261s ]
INFO: [ app_begin ] --START--
INFO: Run Behavior\ReadHtmlCacheBehavior [ RunTime:0.000503s ]
INFO: [ app_begin ] --END-- [ RunTime:0.000545s ]
ERR: 无法加载控制器:Admin

[ 2016-03-01T14:31:48+08:00 ] 127.0.0.1 /index.php/Admin/Index/index
INFO: [ app_init ] --START--
INFO: Run Behavior\BuildLiteBehavior [ RunTime:0.000008s ]
INFO: [ app_init ] --END-- [ RunTime:0.000177s ]
INFO: [ app_begin ] --START--
INFO: Run Behavior\ReadHtmlCacheBehavior [ RunTime:0.000217s ]
INFO: [ app_begin ] --END-- [ RunTime:0.000243s ]
INFO: [ view_parse ] --START--
INFO: Run Behavior\ParseTemplateBehavior [ RunTime:0.040679s ]
INFO: [ view_parse ] --END-- [ RunTime:0.040737s ]
INFO: [ view_filter ] --START--
INFO: Run Behavior\WriteHtmlCacheBehavior [ RunTime:0.000152s ]
INFO: [ view_filter ] --END-- [ RunTime:0.000181s ]
INFO: [ app_end ] --START--
INFO: Run Behavior\ShowPageTraceBehavior [ RunTime:0.000338s ]
INFO: [ app_end ] --END-- [ RunTime:0.000423s ]

[ 2016-03-01T14:32:03+08:00 ] 127.0.0.1 /index.php/Admin/Index/index
INFO: [ app_init ] --START--
INFO: Run Behavior\BuildLiteBehavior [ RunTime:0.000008s ]
INFO: [ app_init ] --END-- [ RunTime:0.000175s ]
INFO: [ app_begin ] --START--
INFO: Run Behavior\ReadHtmlCacheBehavior [ RunTime:0.000222s ]
INFO: [ app_begin ] --END-- [ RunTime:0.000247s ]
INFO: [ view_parse ] --START--
INFO: Run Behavior\ParseTemplateBehavior [ RunTime:0.000091s ]
INFO: [ view_parse ] --END-- [ RunTime:0.000117s ]
INFO: [ view_filter ] --START--
INFO: Run Behavior\WriteHtmlCacheBehavior [ RunTime:0.000076s ]
INFO: [ view_filter ] --END-- [ RunTime:0.000095s ]
INFO: [ app_end ] --START--
INFO: Run Behavior\ShowPageTraceBehavior [ RunTime:0.000228s ]
INFO: [ app_end ] --END-- [ RunTime:0.000250s ]

[ 2016-03-01T14:32:48+08:00 ] 127.0.0.1 /index.php/Admin/Index/index
INFO: [ app_init ] --START--
INFO: Run Behavior\BuildLiteBehavior [ RunTime:0.000013s ]
INFO: [ app_init ] --END-- [ RunTime:0.000259s ]
INFO: [ app_begin ] --START--
INFO: Run Behavior\ReadHtmlCacheBehavior [ RunTime:0.000245s ]
INFO: [ app_begin ] --END-- [ RunTime:0.000274s ]
INFO: [ view_parse ] --START--
INFO: Run Behavior\ParseTemplateBehavior [ RunTime:0.000101s ]
INFO: [ view_parse ] --END-- [ RunTime:0.000132s ]
INFO: [ view_filter ] --START--
INFO: Run Behavior\WriteHtmlCacheBehavior [ RunTime:0.000079s ]
INFO: [ view_filter ] --END-- [ RunTime:0.000101s ]
INFO: [ app_end ] --START--
INFO: Run Behavior\ShowPageTraceBehavior [ RunTime:0.000274s ]
INFO: [ app_end ] --END-- [ RunTime:0.000299s ]

[ 2016-03-01T14:34:29+08:00 ] 127.0.0.1 /index.php/Admin/Index/index
INFO: [ app_init ] --START--
INFO: Run Behavior\BuildLiteBehavior [ RunTime:0.000008s ]
INFO: [ app_init ] --END-- [ RunTime:0.000171s ]
INFO: [ app_begin ] --START--
INFO: Run Behavior\ReadHtmlCacheBehavior [ RunTime:0.000214s ]
INFO: [ app_begin ] --END-- [ RunTime:0.000241s ]
INFO: [ view_parse ] --START--
INFO: Run Behavior\ParseTemplateBehavior [ RunTime:0.000132s ]
INFO: [ view_parse ] --END-- [ RunTime:0.000220s ]
INFO: [ view_filter ] --START--
INFO: Run Behavior\WriteHtmlCacheBehavior [ RunTime:0.000096s ]
INFO: [ view_filter ] --END-- [ RunTime:0.000120s ]
INFO: [ app_end ] --START--
INFO: Run Behavior\ShowPageTraceBehavior [ RunTime:0.000251s ]
INFO: [ app_end ] --END-- [ RunTime:0.000275s ]

